{
  "RSpec": {
    "coverage": {
      "/Users/Mike/Development/codecore/rails/fundsy/spec/support/user_authentication_helper.rb": [
        1,
        null,
        1,
        24,
        null,
        null,
        1,
        1,
        1,
        1,
        1,
        null,
        null,
        null
      ],
      "/Users/Mike/Development/codecore/rails/fundsy/app/controllers/campaigns_controller.rb": [
        1,
        1,
        1,
        null,
        1,
        6,
        null,
        null,
        1,
        3,
        null,
        null,
        1,
        8,
        8,
        8,
        4,
        null,
        4,
        4,
        null,
        null,
        null,
        1,
        2,
        null,
        null,
        1,
        null,
        1,
        6,
        4,
        null,
        2,
        null,
        null,
        null,
        1,
        2,
        2,
        null,
        null,
        1,
        null,
        1,
        14,
        null,
        null,
        1,
        12,
        null,
        null
      ],
      "/Users/Mike/Development/codecore/rails/fundsy/app/controllers/application_controller.rb": [
        1,
        null,
        null,
        1,
        null,
        1,
        24,
        null,
        null,
        1,
        53,
        null,
        1,
        null,
        1,
        22,
        null,
        1,
        null,
        1,
        3,
        null,
        null,
        null
      ],
      "/Users/Mike/Development/codecore/rails/fundsy/spec/controllers/sessions_controller_spec.rb": [
        1,
        null,
        1,
        4,
        null,
        1,
        1,
        1,
        1,
        null,
        null,
        null,
        1,
        1,
        1,
        3,
        null,
        null,
        null,
        1,
        1,
        1,
        null,
        null,
        1,
        1,
        1,
        null,
        null,
        1,
        1,
        1,
        null,
        null,
        null,
        null,
        1,
        1,
        3,
        null,
        null,
        1,
        1,
        1,
        null,
        null,
        1,
        1,
        1,
        null,
        null,
        1,
        1,
        1,
        null,
        null,
        null,
        null,
        null,
        1,
        4,
        1,
        3,
        3,
        null,
        null,
        1,
        1,
        1,
        null,
        null,
        1,
        1,
        1,
        null,
        null,
        1,
        1,
        1,
        null,
        null,
        null
      ],
      "/Users/Mike/Development/codecore/rails/fundsy/app/controllers/sessions_controller.rb": [
        1,
        null,
        1,
        2,
        null,
        null,
        1,
        7,
        7,
        4,
        4,
        null,
        3,
        3,
        null,
        null,
        null,
        1,
        3,
        3,
        null,
        null,
        null
      ],
      "/Users/Mike/Development/codecore/rails/fundsy/spec/controllers/users_controller_spec.rb": [
        1,
        null,
        1,
        1,
        1,
        1,
        1,
        null,
        null,
        1,
        1,
        1,
        null,
        null,
        null,
        1,
        1,
        1,
        3,
        null,
        null,
        null,
        null,
        null,
        null,
        1,
        1,
        1,
        2,
        null,
        null,
        null,
        null,
        1,
        1,
        1,
        null,
        null,
        1,
        1,
        1,
        null,
        null,
        1,
        null,
        null,
        null,
        1,
        1,
        3,
        null,
        null,
        1,
        4,
        null,
        null,
        1,
        1,
        1,
        null,
        null,
        1,
        1,
        1,
        null,
        null,
        null,
        null
      ],
      "/Users/Mike/Development/codecore/rails/fundsy/app/controllers/users_controller.rb": [
        1,
        1,
        3,
        null,
        null,
        1,
        6,
        6,
        3,
        3,
        null,
        3,
        3,
        null,
        null,
        null,
        1,
        null,
        1,
        6,
        null,
        null,
        null,
        null,
        null,
        null
      ],
      "/Users/Mike/Development/codecore/rails/fundsy/spec/features/campaigns_spec.rb": [
        1,
        null,
        1,
        2,
        1,
        1,
        1,
        1,
        null,
        null,
        1,
        1,
        1,
        null,
        null,
        1,
        3,
        3,
        null,
        1,
        1,
        1,
        null,
        null,
        1,
        1,
        1,
        null,
        null,
        null,
        null,
        1,
        1,
        null,
        1,
        1,
        1,
        1,
        1,
        1,
        1,
        null,
        0,
        0,
        0,
        null,
        null,
        null,
        null
      ],
      "/Users/Mike/Development/codecore/rails/fundsy/spec/models/campaign_spec.rb": [
        1,
        null,
        1,
        1,
        1,
        0,
        null,
        null,
        7,
        null,
        1,
        1,
        1,
        null,
        null,
        1,
        1,
        1,
        1,
        null,
        null,
        1,
        1,
        1,
        null,
        null,
        1,
        1,
        1,
        null,
        null,
        1,
        1,
        1,
        null,
        null,
        1,
        null,
        1,
        null,
        null,
        null
      ],
      "/Users/Mike/Development/codecore/rails/fundsy/app/models/campaign.rb": [
        1,
        1,
        null,
        1,
        1,
        null
      ],
      "/Users/Mike/Development/codecore/rails/fundsy/spec/models/user_spec.rb": [
        1,
        null,
        1,
        null,
        1,
        1,
        1,
        1,
        null,
        null,
        1,
        1,
        1,
        1,
        null,
        null,
        null,
        1,
        1,
        1,
        1,
        null,
        null,
        1,
        1,
        1,
        null,
        null,
        1,
        1,
        1,
        null,
        null,
        1,
        2,
        1,
        1,
        1,
        1,
        null,
        null,
        null,
        1,
        2,
        null,
        1,
        1,
        1,
        1,
        1,
        null,
        null,
        null,
        null,
        null
      ],
      "/Users/Mike/Development/codecore/rails/fundsy/app/models/user.rb": [
        1,
        1,
        1,
        null,
        1,
        null,
        1,
        null,
        1,
        3,
        2,
        null,
        1,
        null,
        null,
        1,
        null,
        1,
        47,
        null,
        null,
        null
      ],
      "/Users/Mike/Development/codecore/rails/fundsy/app/validators/email_format_validator.rb": [
        null,
        null,
        1,
        1,
        1,
        52,
        5,
        null,
        52,
        null,
        null
      ]
    },
    "timestamp": 1415842929
  }
}
